2021-05-06-13:21:07 INFO model is DecisionTreeClassifier
2021-05-06-13:21:07 INFO start train pipeline with params TrainingPipelineParams(input_data_path='data/raw/heart.csv', output_model_path='models/model.pkl', metric_path='models/metrics.json', splitting_params=SplittingParams(val_size=0.2, random_state=1234), train_params=TrainingParams(model_type='DecisionTreeClassifier', random_state=1234), feature_params=FeatureParams(categorical_features=['sex', 'cp', 'restecg', 'exang', 'slope', 'ca', 'thal'], numerical_features=['age', 'trestbps', 'chol', 'thalach', 'oldpeak'], features_to_drop=['fbs'], target_col='target', use_log_trick=False))
2021-05-06-13:21:07 INFO data.shape is (303, 14)
2021-05-06-13:21:07 INFO data.shape after dropping some columns is (303, 13)
2021-05-06-13:21:07 INFO train_df.shape is (242, 13)
2021-05-06-13:21:07 INFO val_df.shape is (61, 13)
2021-05-06-13:21:07 INFO train_features.shape is (242, 28)
2021-05-06-13:21:07 INFO val_features.shape is (61, 28)
2021-05-06-13:21:07 INFO metrics is {'accuracy': 0.7213114754098361, 'f1': 0.7384615384615384, 'roc_auc': 0.7207792207792209}
2021-05-06-13:21:34 INFO model is DecisionTreeClassifier
2021-05-06-13:21:34 INFO start train pipeline with params TrainingPipelineParams(input_data_path='data/raw/heart.csv', output_model_path='models/model.pkl', metric_path='models/metrics.json', splitting_params=SplittingParams(val_size=0.2, random_state=1234), train_params=TrainingParams(model_type='DecisionTreeClassifier', random_state=1234), feature_params=FeatureParams(categorical_features=['sex', 'cp', 'restecg', 'exang', 'slope', 'ca', 'thal'], numerical_features=['age', 'trestbps', 'chol', 'thalach', 'oldpeak'], features_to_drop=['fbs'], target_col='target', use_log_trick=False))
2021-05-06-13:21:34 INFO data.shape is (303, 14)
2021-05-06-13:21:34 INFO data.shape after dropping some columns is (303, 13)
2021-05-06-13:21:34 INFO train_df.shape is (242, 13)
2021-05-06-13:21:34 INFO val_df.shape is (61, 13)
2021-05-06-13:21:34 INFO train_features.shape is (242, 28)
2021-05-06-13:21:34 INFO val_features.shape is (61, 28)
2021-05-06-13:21:34 INFO metrics is {'accuracy': 0.6885245901639344, 'f1': 0.7076923076923077, 'roc_auc': 0.6877705627705628}
2021-05-06-13:34:24 INFO model is DecisionTreeClassifier
2021-05-06-13:34:24 INFO start train pipeline with params TrainingPipelineParams(input_data_path='data/raw/heart.csv', output_model_path='models/model.pkl', metric_path='models/metrics.json', splitting_params=SplittingParams(val_size=0.2, random_state=1234), train_params=TrainingParams(model_type='DecisionTreeClassifier', random_state=1234), feature_params=FeatureParams(categorical_features=['sex', 'cp', 'restecg', 'exang', 'slope', 'ca', 'thal'], numerical_features=['age', 'trestbps', 'chol', 'thalach', 'oldpeak'], features_to_drop=['fbs'], target_col='target', use_log_trick=False))
2021-05-06-13:34:24 INFO data.shape is (303, 14)
2021-05-06-13:34:24 INFO data.shape after dropping some columns is (303, 13)
2021-05-06-13:34:24 INFO train_df.shape is (242, 13)
2021-05-06-13:34:24 INFO val_df.shape is (61, 13)
2021-05-06-13:34:24 INFO train_features.shape is (242, 28)
2021-05-06-13:34:24 INFO val_features.shape is (61, 28)
2021-05-06-13:34:24 INFO metrics is {'accuracy': 0.7213114754098361, 'f1': 0.7384615384615384, 'roc_auc': 0.7207792207792209}
2021-05-06-13:34:51 INFO model is DecisionTreeClassifier
2021-05-06-13:34:51 INFO start train pipeline with params TrainingPipelineParams(input_data_path='data/raw/heart.csv', output_model_path='models/model.pkl', metric_path='models/metrics.json', splitting_params=SplittingParams(val_size=0.2, random_state=1234), train_params=TrainingParams(model_type='DecisionTreeClassifier', random_state=1234), feature_params=FeatureParams(categorical_features=['sex', 'cp', 'restecg', 'exang', 'slope', 'ca', 'thal'], numerical_features=['age', 'trestbps', 'chol', 'thalach', 'oldpeak'], features_to_drop=['fbs'], target_col='target', use_log_trick=False))
2021-05-06-13:34:51 INFO data.shape is (303, 14)
2021-05-06-13:34:51 INFO data.shape after dropping some columns is (303, 13)
2021-05-06-13:34:51 INFO train_df.shape is (242, 13)
2021-05-06-13:34:51 INFO val_df.shape is (61, 13)
2021-05-06-13:34:51 INFO train_features.shape is (242, 28)
2021-05-06-13:34:51 INFO val_features.shape is (61, 28)
2021-05-06-13:34:51 INFO metrics is {'accuracy': 0.7213114754098361, 'f1': 0.7384615384615384, 'roc_auc': 0.7207792207792209}
2021-05-06-13:38:33 INFO model is DecisionTreeClassifier
2021-05-06-13:38:33 INFO start train pipeline with params TrainingPipelineParams(input_data_path='data/raw/heart.csv', output_model_path='models/model.pkl', metric_path='models/metrics.json', splitting_params=SplittingParams(val_size=0.2, random_state=1234), train_params=TrainingParams(model_type='DecisionTreeClassifier', random_state=1234), feature_params=FeatureParams(categorical_features=['sex', 'cp', 'restecg', 'exang', 'slope', 'ca', 'thal'], numerical_features=['age', 'trestbps', 'chol', 'thalach', 'oldpeak'], features_to_drop=['fbs'], target_col='target', use_log_trick=False))
2021-05-06-13:38:33 INFO data.shape is (303, 14)
2021-05-06-13:38:33 INFO data.shape after dropping some columns is (303, 13)
2021-05-06-13:38:33 INFO train_df.shape is (242, 13)
2021-05-06-13:38:33 INFO val_df.shape is (61, 13)
2021-05-06-13:38:33 WARNING No enough data to build good model
2021-05-06-13:38:33 INFO train_features.shape is (10, 22)
2021-05-06-13:38:56 INFO model is DecisionTreeClassifier
2021-05-06-13:38:56 INFO start train pipeline with params TrainingPipelineParams(input_data_path='data/raw/heart.csv', output_model_path='models/model.pkl', metric_path='models/metrics.json', splitting_params=SplittingParams(val_size=0.2, random_state=1234), train_params=TrainingParams(model_type='DecisionTreeClassifier', random_state=1234), feature_params=FeatureParams(categorical_features=['sex', 'cp', 'restecg', 'exang', 'slope', 'ca', 'thal'], numerical_features=['age', 'trestbps', 'chol', 'thalach', 'oldpeak'], features_to_drop=['fbs'], target_col='target', use_log_trick=False))
2021-05-06-13:38:56 INFO data.shape is (303, 14)
2021-05-06-13:38:56 INFO data.shape after dropping some columns is (303, 13)
2021-05-06-13:38:56 INFO train_df.shape is (242, 13)
2021-05-06-13:38:56 INFO val_df.shape is (61, 13)
2021-05-06-13:38:56 WARNING No enough data to build good model
2021-05-06-13:38:56 INFO train_features.shape is (10, 22)
2021-05-06-13:41:07 INFO model is DecisionTreeClassifier
2021-05-06-13:41:07 INFO start train pipeline with params TrainingPipelineParams(input_data_path='data/raw/heart.csv', output_model_path='models/model.pkl', metric_path='models/metrics.json', splitting_params=SplittingParams(val_size=0.2, random_state=1234), train_params=TrainingParams(model_type='DecisionTreeClassifier', random_state=1234), feature_params=FeatureParams(categorical_features=['sex', 'cp', 'restecg', 'exang', 'slope', 'ca', 'thal'], numerical_features=['age', 'trestbps', 'chol', 'thalach', 'oldpeak'], features_to_drop=['fbs'], target_col='target', use_log_trick=False))
2021-05-06-13:41:07 INFO data.shape is (303, 14)
2021-05-06-13:41:07 INFO data.shape after dropping some columns is (303, 13)
2021-05-06-13:41:07 INFO train_df.shape is (242, 13)
2021-05-06-13:41:07 INFO val_df.shape is (61, 13)
2021-05-06-13:41:07 WARNING No enough data to build good model
2021-05-06-13:41:07 INFO train_features.shape is (10, 22)
2021-05-06-13:41:27 INFO model is DecisionTreeClassifier
2021-05-06-13:41:27 INFO start train pipeline with params TrainingPipelineParams(input_data_path='data/raw/heart.csv', output_model_path='models/model.pkl', metric_path='models/metrics.json', splitting_params=SplittingParams(val_size=0.2, random_state=1234), train_params=TrainingParams(model_type='DecisionTreeClassifier', random_state=1234), feature_params=FeatureParams(categorical_features=['sex', 'cp', 'restecg', 'exang', 'slope', 'ca', 'thal'], numerical_features=['age', 'trestbps', 'chol', 'thalach', 'oldpeak'], features_to_drop=['fbs'], target_col='target', use_log_trick=False))
2021-05-06-13:41:27 INFO data.shape is (303, 14)
2021-05-06-13:41:27 INFO data.shape after dropping some columns is (303, 13)
2021-05-06-13:41:27 INFO train_df.shape is (242, 13)
2021-05-06-13:41:27 INFO val_df.shape is (61, 13)
2021-05-06-13:41:27 WARNING No enough data to build good model
2021-05-06-13:41:27 INFO train_features.shape is (40, 26)
2021-05-06-13:43:05 INFO model is DecisionTreeClassifier
2021-05-06-13:43:05 INFO start train pipeline with params TrainingPipelineParams(input_data_path='data/raw/heart.csv', output_model_path='models/model.pkl', metric_path='models/metrics.json', splitting_params=SplittingParams(val_size=0.2, random_state=1234), train_params=TrainingParams(model_type='DecisionTreeClassifier', random_state=1234), feature_params=FeatureParams(categorical_features=['sex', 'cp', 'restecg', 'exang', 'slope', 'ca', 'thal'], numerical_features=['age', 'trestbps', 'chol', 'thalach', 'oldpeak'], features_to_drop=['fbs'], target_col='target', use_log_trick=False))
2021-05-06-13:43:05 INFO data.shape is (303, 14)
2021-05-06-13:43:05 INFO data.shape after dropping some columns is (303, 13)
2021-05-06-13:43:05 INFO train_df.shape is (242, 13)
2021-05-06-13:43:05 INFO val_df.shape is (61, 13)
2021-05-06-13:43:05 WARNING No enough data to build good model
2021-05-06-13:43:05 INFO train_features.shape is (49, 26)
2021-05-06-13:43:23 INFO model is DecisionTreeClassifier
2021-05-06-13:43:23 INFO start train pipeline with params TrainingPipelineParams(input_data_path='data/raw/heart.csv', output_model_path='models/model.pkl', metric_path='models/metrics.json', splitting_params=SplittingParams(val_size=0.2, random_state=1234), train_params=TrainingParams(model_type='DecisionTreeClassifier', random_state=1234), feature_params=FeatureParams(categorical_features=['sex', 'cp', 'restecg', 'exang', 'slope', 'ca', 'thal'], numerical_features=['age', 'trestbps', 'chol', 'thalach', 'oldpeak'], features_to_drop=['fbs'], target_col='target', use_log_trick=False))
2021-05-06-13:43:23 INFO data.shape is (303, 14)
2021-05-06-13:43:23 INFO data.shape after dropping some columns is (303, 13)
2021-05-06-13:43:23 INFO train_df.shape is (242, 13)
2021-05-06-13:43:23 INFO val_df.shape is (61, 13)
2021-05-06-13:43:23 WARNING No enough data to build good model
2021-05-06-13:43:23 INFO train_features.shape is (79, 26)
2021-05-06-13:45:12 INFO model is DecisionTreeClassifier
2021-05-06-13:45:12 INFO start train pipeline with params TrainingPipelineParams(input_data_path='data/raw/heart.csv', output_model_path='models/model.pkl', metric_path='models/metrics.json', splitting_params=SplittingParams(val_size=0.2, random_state=1234), train_params=TrainingParams(model_type='DecisionTreeClassifier', random_state=1234), feature_params=FeatureParams(categorical_features=['sex', 'cp', 'restecg', 'exang', 'slope', 'ca', 'thal'], numerical_features=['age', 'trestbps', 'chol', 'thalach', 'oldpeak'], features_to_drop=['fbs'], target_col='target', use_log_trick=False))
2021-05-06-13:45:12 INFO data.shape is (303, 14)
2021-05-06-13:45:12 INFO data.shape after dropping some columns is (303, 13)
2021-05-06-13:45:12 INFO train_df.shape is (242, 13)
2021-05-06-13:45:12 INFO val_df.shape is (61, 13)
2021-05-06-13:45:12 WARNING No enough data to build good model
2021-05-06-13:45:12 INFO train_features.shape is (149, 27)
2021-05-06-14:55:03 INFO pretrained model DecisionTreeClassifier(criterion='entropy', max_depth=200, random_state=1234) extracted
2021-05-06-14:55:03 INFO start train pipeline with params TrainingPipelineParams(input_data_path='data/raw/heart.csv', output_model_path='models/model.pkl', metric_path='models/metrics.json', splitting_params=SplittingParams(val_size=0.2, random_state=1234), train_params=TrainingParams(model_type='DecisionTreeClassifier', random_state=1234), feature_params=FeatureParams(categorical_features=['sex', 'cp', 'restecg', 'exang', 'slope', 'ca', 'thal'], numerical_features=['age', 'trestbps', 'chol', 'thalach', 'oldpeak'], features_to_drop=['fbs'], target_col='target', use_log_trick=False))
2021-05-06-14:55:03 INFO data.shape is (303, 14)
2021-05-06-14:55:03 INFO data.shape after dropping some columns is (303, 13)
2021-05-06-14:55:03 INFO train_df.shape is (242, 13)
2021-05-06-14:55:03 INFO val_df.shape is (61, 13)
2021-05-06-14:55:03 INFO train_features.shape is (242, 28)
2021-05-06-14:55:03 INFO val_features.shape is (61, 28)
2021-05-06-14:55:03 INFO metrics is {'accuracy': 0.7213114754098361, 'f1': 0.7384615384615384, 'roc_auc': 0.7207792207792209}
2021-05-06-17:09:18 INFO pretrained model DecisionTreeClassifier(criterion='entropy', max_depth=200, random_state=1234) extracted
2021-05-06-17:09:18 INFO start predict pipeline with params TrainingPipelineParams(input_data_path='data/raw/heart.csv', output_model_path='models/model.pkl', metric_path='models/metrics.json', splitting_params=SplittingParams(val_size=0.2, random_state=1234), train_params=TrainingParams(model_type='DecisionTreeClassifier', random_state=1234), feature_params=FeatureParams(categorical_features=['sex', 'cp', 'restecg', 'exang', 'slope', 'ca', 'thal'], numerical_features=['age', 'trestbps', 'chol', 'thalach', 'oldpeak'], features_to_drop=['fbs'], target_col='target', use_log_trick=False))
2021-05-06-17:09:18 INFO data.shape is (303, 14)
2021-05-06-17:09:18 INFO data.shape after dropping some columns is (303, 13)
2021-05-06-17:10:39 INFO pretrained model DecisionTreeClassifier(criterion='entropy', max_depth=200, random_state=1234) extracted
2021-05-06-17:10:39 INFO start predict pipeline with params TrainingPipelineParams(input_data_path='data/raw/heart.csv', output_model_path='models/model.pkl', metric_path='models/metrics.json', splitting_params=SplittingParams(val_size=0.2, random_state=1234), train_params=TrainingParams(model_type='DecisionTreeClassifier', random_state=1234), feature_params=FeatureParams(categorical_features=['sex', 'cp', 'restecg', 'exang', 'slope', 'ca', 'thal'], numerical_features=['age', 'trestbps', 'chol', 'thalach', 'oldpeak'], features_to_drop=['fbs'], target_col='target', use_log_trick=False))
2021-05-06-17:10:39 INFO data.shape is (303, 14)
2021-05-06-17:10:39 INFO data.shape after dropping some columns is (303, 13)
2021-05-06-17:11:48 INFO pretrained model DecisionTreeClassifier(criterion='entropy', max_depth=200, random_state=1234) extracted
2021-05-06-17:11:48 INFO start predict pipeline with params TrainingPipelineParams(input_data_path='data/raw/heart.csv', output_model_path='models/model.pkl', metric_path='models/metrics.json', splitting_params=SplittingParams(val_size=0.2, random_state=1234), train_params=TrainingParams(model_type='DecisionTreeClassifier', random_state=1234), feature_params=FeatureParams(categorical_features=['sex', 'cp', 'restecg', 'exang', 'slope', 'ca', 'thal'], numerical_features=['age', 'trestbps', 'chol', 'thalach', 'oldpeak'], features_to_drop=['fbs'], target_col='target', use_log_trick=False))
2021-05-06-17:11:48 INFO data.shape is (303, 14)
2021-05-06-17:11:48 INFO data.shape after dropping some columns is (303, 13)
2021-05-06-17:12:27 INFO pretrained model DecisionTreeClassifier(criterion='entropy', max_depth=200, random_state=1234) extracted
2021-05-06-17:12:27 INFO start predict pipeline with params TrainingPipelineParams(input_data_path='data/raw/heart.csv', output_model_path='models/model.pkl', metric_path='models/metrics.json', splitting_params=SplittingParams(val_size=0.2, random_state=1234), train_params=TrainingParams(model_type='DecisionTreeClassifier', random_state=1234), feature_params=FeatureParams(categorical_features=['sex', 'cp', 'restecg', 'exang', 'slope', 'ca', 'thal'], numerical_features=['age', 'trestbps', 'chol', 'thalach', 'oldpeak'], features_to_drop=['fbs'], target_col='target', use_log_trick=False))
2021-05-06-17:12:27 INFO data.shape is (303, 14)
2021-05-06-17:12:27 INFO data.shape after dropping some columns is (303, 13)
2021-05-06-17:15:19 INFO pretrained model DecisionTreeClassifier(criterion='entropy', max_depth=200, random_state=1234) extracted
2021-05-06-17:15:19 INFO start predict pipeline with params TrainingPipelineParams(input_data_path='data/raw/heart.csv', output_model_path='models/model.pkl', metric_path='models/metrics.json', splitting_params=SplittingParams(val_size=0.2, random_state=1234), train_params=TrainingParams(model_type='DecisionTreeClassifier', random_state=1234), feature_params=FeatureParams(categorical_features=['sex', 'cp', 'restecg', 'exang', 'slope', 'ca', 'thal'], numerical_features=['age', 'trestbps', 'chol', 'thalach', 'oldpeak'], features_to_drop=['fbs'], target_col='target', use_log_trick=False))
2021-05-06-17:15:19 INFO data.shape is (303, 14)
2021-05-06-17:15:19 INFO data.shape after dropping some columns is (303, 13)
2021-05-06-17:16:21 INFO pretrained model DecisionTreeClassifier(criterion='entropy', max_depth=200, random_state=1234) extracted
2021-05-06-17:16:21 INFO start predict pipeline with params TrainingPipelineParams(input_data_path='data/raw/heart.csv', output_model_path='models/model.pkl', metric_path='models/metrics.json', splitting_params=SplittingParams(val_size=0.2, random_state=1234), train_params=TrainingParams(model_type='DecisionTreeClassifier', random_state=1234), feature_params=FeatureParams(categorical_features=['sex', 'cp', 'restecg', 'exang', 'slope', 'ca', 'thal'], numerical_features=['age', 'trestbps', 'chol', 'thalach', 'oldpeak'], features_to_drop=['fbs'], target_col='target', use_log_trick=False))
2021-05-06-17:16:22 INFO data.shape is (303, 14)
2021-05-06-17:16:22 INFO data.shape after dropping some columns is (303, 13)
2021-05-06-17:16:49 INFO pretrained model DecisionTreeClassifier(criterion='entropy', max_depth=200, random_state=1234) extracted
2021-05-06-17:16:49 INFO start predict pipeline with params TrainingPipelineParams(input_data_path='data/raw/heart.csv', output_model_path='models/model.pkl', metric_path='models/metrics.json', splitting_params=SplittingParams(val_size=0.2, random_state=1234), train_params=TrainingParams(model_type='DecisionTreeClassifier', random_state=1234), feature_params=FeatureParams(categorical_features=['sex', 'cp', 'restecg', 'exang', 'slope', 'ca', 'thal'], numerical_features=['age', 'trestbps', 'chol', 'thalach', 'oldpeak'], features_to_drop=['fbs'], target_col='target', use_log_trick=False))
2021-05-06-17:16:49 INFO data.shape is (303, 14)
2021-05-06-17:16:49 INFO data.shape after dropping some columns is (303, 13)
2021-05-06-17:18:03 INFO pretrained model DecisionTreeClassifier(criterion='entropy', max_depth=200, random_state=1234) extracted
2021-05-06-17:18:03 INFO start predict pipeline with params TrainingPipelineParams(input_data_path='data/raw/heart.csv', output_model_path='models/model.pkl', metric_path='models/metrics.json', splitting_params=SplittingParams(val_size=0.2, random_state=1234), train_params=TrainingParams(model_type='DecisionTreeClassifier', random_state=1234), feature_params=FeatureParams(categorical_features=['sex', 'cp', 'restecg', 'exang', 'slope', 'ca', 'thal'], numerical_features=['age', 'trestbps', 'chol', 'thalach', 'oldpeak'], features_to_drop=['fbs'], target_col='target', use_log_trick=False))
2021-05-06-17:18:03 INFO data.shape is (303, 14)
2021-05-06-17:18:03 INFO data.shape after dropping some columns is (303, 13)
2021-05-06-17:18:36 INFO pretrained model DecisionTreeClassifier(criterion='entropy', max_depth=200, random_state=1234) extracted
2021-05-06-17:18:36 INFO start predict pipeline with params TrainingPipelineParams(input_data_path='data/raw/heart.csv', output_model_path='models/model.pkl', metric_path='models/metrics.json', splitting_params=SplittingParams(val_size=0.2, random_state=1234), train_params=TrainingParams(model_type='DecisionTreeClassifier', random_state=1234), feature_params=FeatureParams(categorical_features=['sex', 'cp', 'restecg', 'exang', 'slope', 'ca', 'thal'], numerical_features=['age', 'trestbps', 'chol', 'thalach', 'oldpeak'], features_to_drop=['fbs'], target_col='target', use_log_trick=False))
2021-05-06-17:18:36 INFO data.shape is (303, 14)
2021-05-06-17:18:36 INFO data.shape after dropping some columns is (303, 13)
2021-05-06-17:23:57 INFO pretrained model DecisionTreeClassifier(criterion='entropy', max_depth=200, random_state=1234) extracted
2021-05-06-17:23:57 INFO start predict pipeline with params TrainingPipelineParams(input_data_path='data/raw/heart.csv', output_model_path='models/model.pkl', metric_path='models/metrics.json', splitting_params=SplittingParams(val_size=0.2, random_state=1234), train_params=TrainingParams(model_type='DecisionTreeClassifier', random_state=1234), feature_params=FeatureParams(categorical_features=['sex', 'cp', 'restecg', 'exang', 'slope', 'ca', 'thal'], numerical_features=['age', 'trestbps', 'chol', 'thalach', 'oldpeak'], features_to_drop=['fbs'], target_col='target', use_log_trick=False))
2021-05-06-17:23:57 INFO data.shape is (303, 14)
2021-05-06-17:23:57 INFO data.shape after dropping some columns is (303, 13)
2021-05-06-17:23:57 INFO predictions are written to data/predicted/predictions.csv
2021-05-06-17:38:58 INFO pretrained model DecisionTreeClassifier(criterion='entropy', max_depth=200, random_state=1234) extracted
2021-05-06-17:38:58 INFO start predict pipeline with params TrainingPipelineParams(input_data_path='data/raw/heart.csv', output_model_path='models/model.pkl', metric_path='models/metrics.json', pretrained_model_path='models/model.pkl', predictions_path='data/predicted/predictions.csv', splitting_params=SplittingParams(val_size=0.2, random_state=1234), train_params=TrainingParams(model_type='DecisionTreeClassifier', random_state=1234), feature_params=FeatureParams(categorical_features=['sex', 'cp', 'restecg', 'exang', 'slope', 'ca', 'thal'], numerical_features=['age', 'trestbps', 'chol', 'thalach', 'oldpeak'], features_to_drop=['fbs'], target_col='target', use_log_trick=False))
2021-05-06-17:38:58 INFO data.shape is (303, 14)
2021-05-06-17:38:58 INFO data.shape after dropping some columns is (303, 13)
2021-05-06-17:38:58 INFO predictions are written to data/predicted/predictions.csv
2021-05-06-20:12:43 INFO model is DecisionTreeClassifier
2021-05-06-20:12:43 INFO start train pipeline with params TrainingPipelineParams(input_data_path='data/raw/heart.csv', output_model_path='models/model.pkl', metric_path='models/metrics.json', pretrained_model_path='models/model.pkl', predictions_path='data/predicted/predictions.csv', splitting_params=SplittingParams(val_size=0.2, random_state=1234), train_params=TrainingParams(model_type='DecisionTreeClassifier', random_state=1234), feature_params=FeatureParams(categorical_features=['sex', 'cp', 'restecg', 'exang', 'slope', 'ca', 'thal'], numerical_features=['age', 'trestbps', 'chol', 'thalach', 'oldpeak'], features_to_drop=['fbs'], target_col='target', use_log_trick=False))
2021-05-06-20:12:43 INFO data.shape is (303, 14)
2021-05-06-20:12:43 INFO data.shape after dropping some columns is (303, 13)
2021-05-06-20:12:43 INFO train_df.shape is (242, 13)
2021-05-06-20:12:43 INFO val_df.shape is (61, 13)
2021-05-06-20:12:43 INFO train_features.shape is (242, 28)
2021-05-06-20:12:43 INFO val_features.shape is (61, 28)
2021-05-06-20:12:43 INFO metrics is {'accuracy': 0.7213114754098361, 'f1': 0.7384615384615384, 'roc_auc': 0.7207792207792209}
2021-05-07-00:22:20 INFO model is DecisionTreeClassifier
2021-05-07-00:22:20 INFO start train pipeline with params TrainingPipelineParams(input_data_path='data/raw/heart.csv', output_model_path='models/model.pkl', metric_path='models/metrics.json', pretrained_model_path='models/model.pkl', predictions_path='data/predicted/predictions.csv', splitting_params=SplittingParams(val_size=0.2, random_state=1234), train_params=TrainingParams(model_type='DecisionTreeClassifier', random_state=1234), feature_params=FeatureParams(categorical_features=['sex', 'cp', 'restecg', 'exang', 'slope', 'ca', 'thal'], numerical_features=['age', 'trestbps', 'chol', 'thalach', 'oldpeak'], features_to_drop=['fbs'], target_col='target', use_log_trick=False))
2021-05-07-00:22:20 INFO data.shape is (303, 14)
2021-05-07-00:22:20 INFO data.shape after dropping some columns is (303, 13)
2021-05-07-00:24:20 INFO model is DecisionTreeClassifier
2021-05-07-00:24:20 INFO start train pipeline with params TrainingPipelineParams(input_data_path='data/raw/heart.csv', output_model_path='models/model.pkl', metric_path='models/metrics.json', pretrained_model_path='models/model.pkl', predictions_path='data/predicted/predictions.csv', splitting_params=SplittingParams(val_size=0.2, random_state=1234), train_params=TrainingParams(model_type='DecisionTreeClassifier', random_state=1234), feature_params=FeatureParams(categorical_features=['sex', 'cp', 'restecg', 'exang', 'slope', 'ca', 'thal'], numerical_features=['age', 'trestbps', 'chol', 'thalach', 'oldpeak'], features_to_drop=['fbs'], target_col='target', use_log_trick=False))
2021-05-07-00:24:20 INFO data.shape is (303, 14)
2021-05-07-00:24:20 INFO data.shape after dropping some columns is (303, 13)
2021-05-07-00:24:20 INFO train_df.shape is (242, 13)
2021-05-07-00:24:20 INFO val_df.shape is (61, 13)
2021-05-07-00:24:21 INFO train_features.shape is (242, 28)
2021-05-07-00:24:21 INFO val_features.shape is (61, 28)
2021-05-07-00:24:21 INFO metrics is {'accuracy': 0.7213114754098361, 'f1': 0.7384615384615384, 'roc_auc': 0.7207792207792209}
2021-05-07-00:28:17 INFO model is DecisionTreeClassifier
2021-05-07-00:28:17 INFO start train pipeline with params TrainingPipelineParams(input_data_path='data/raw/heart.csv', output_model_path='models/model.pkl', metric_path='models/metrics.json', pretrained_model_path='models/model.pkl', predictions_path='data/predicted/predictions.csv', splitting_params=SplittingParams(val_size=0.2, random_state=1234), train_params=TrainingParams(model_type='DecisionTreeClassifier', random_state=1234), feature_params=FeatureParams(categorical_features=['sex', 'cp', 'restecg', 'exang', 'slope', 'ca', 'thal'], numerical_features=['age', 'trestbps', 'chol', 'thalach', 'oldpeak'], features_to_drop=['fbs'], target_col='target', use_log_trick=False))
2021-05-07-00:28:17 INFO data.shape is (303, 14)
2021-05-07-00:28:17 INFO data.shape after dropping some columns is (303, 12)
2021-05-07-00:28:17 INFO train_df.shape is (242, 14)
2021-05-07-00:28:17 INFO val_df.shape is (61, 14)
2021-05-07-00:28:17 INFO train_features.shape is (242, 28)
2021-05-07-00:28:17 INFO val_features.shape is (61, 28)
2021-05-07-00:28:17 INFO metrics is {'accuracy': 0.7213114754098361, 'f1': 0.7384615384615384, 'roc_auc': 0.7207792207792209}
2021-05-07-00:28:55 INFO model is DecisionTreeClassifier
2021-05-07-00:28:55 INFO start train pipeline with params TrainingPipelineParams(input_data_path='data/raw/heart.csv', output_model_path='models/model.pkl', metric_path='models/metrics.json', pretrained_model_path='models/model.pkl', predictions_path='data/predicted/predictions.csv', splitting_params=SplittingParams(val_size=0.2, random_state=1234), train_params=TrainingParams(model_type='DecisionTreeClassifier', random_state=1234), feature_params=FeatureParams(categorical_features=['sex', 'cp', 'restecg', 'exang', 'slope', 'ca', 'thal'], numerical_features=['age', 'trestbps', 'chol', 'thalach', 'oldpeak'], features_to_drop=['fbs'], target_col='target', use_log_trick=False))
2021-05-07-00:28:55 INFO data.shape is (303, 14)
2021-05-07-00:28:55 INFO data.shape after dropping some columns is (303, 12)
2021-05-07-00:28:55 INFO train_df.shape is (242, 14)
2021-05-07-00:28:55 INFO val_df.shape is (61, 14)
2021-05-07-00:28:55 INFO train_features.shape is (242, 28)
2021-05-07-00:28:55 INFO val_features.shape is (61, 28)
2021-05-07-00:28:55 INFO metrics is {'accuracy': 0.7213114754098361, 'f1': 0.7384615384615384, 'roc_auc': 0.7207792207792209}
2021-05-07-00:29:45 INFO model is DecisionTreeClassifier
2021-05-07-00:29:45 INFO start train pipeline with params TrainingPipelineParams(input_data_path='data/raw/heart.csv', output_model_path='models/model.pkl', metric_path='models/metrics.json', pretrained_model_path='models/model.pkl', predictions_path='data/predicted/predictions.csv', splitting_params=SplittingParams(val_size=0.2, random_state=1234), train_params=TrainingParams(model_type='DecisionTreeClassifier', random_state=1234), feature_params=FeatureParams(categorical_features=['sex', 'cp', 'restecg', 'exang', 'slope', 'ca', 'thal'], numerical_features=['age', 'trestbps', 'chol', 'thalach', 'oldpeak'], features_to_drop=['fbs'], target_col='target', use_log_trick=False))
2021-05-07-00:29:45 INFO data.shape is (303, 14)
2021-05-07-00:29:45 INFO data.shape after dropping some columns is (303, 12)
2021-05-07-00:29:45 INFO train_df.shape is (242, 14)
2021-05-07-00:29:45 INFO val_df.shape is (61, 14)
2021-05-07-00:29:45 INFO train_features.shape is (242, 28)
2021-05-07-00:29:45 INFO val_features.shape is (61, 28)
2021-05-07-00:29:45 INFO metrics is {'accuracy': 0.7213114754098361, 'f1': 0.7384615384615384, 'roc_auc': 0.7207792207792209}
2021-05-07-00:30:22 INFO model is DecisionTreeClassifier
2021-05-07-00:30:22 INFO start train pipeline with params TrainingPipelineParams(input_data_path='data/raw/heart.csv', output_model_path='models/model.pkl', metric_path='models/metrics.json', pretrained_model_path='models/model.pkl', predictions_path='data/predicted/predictions.csv', splitting_params=SplittingParams(val_size=0.2, random_state=1234), train_params=TrainingParams(model_type='DecisionTreeClassifier', random_state=1234), feature_params=FeatureParams(categorical_features=['sex', 'cp', 'restecg', 'exang', 'slope', 'ca', 'thal'], numerical_features=['age', 'trestbps', 'chol', 'thalach', 'oldpeak'], features_to_drop=['fbs'], target_col='target', use_log_trick=False))
2021-05-07-00:30:22 INFO data.shape is (303, 14)
2021-05-07-00:30:22 INFO data.shape after dropping some columns is (303, 13)
2021-05-07-00:30:22 INFO train_df.shape is (242, 14)
2021-05-07-00:30:22 INFO val_df.shape is (61, 14)
2021-05-07-00:30:22 INFO train_features.shape is (242, 28)
2021-05-07-00:30:22 INFO val_features.shape is (61, 28)
2021-05-07-00:30:22 INFO metrics is {'accuracy': 0.7213114754098361, 'f1': 0.7384615384615384, 'roc_auc': 0.7207792207792209}
2021-05-07-00:31:20 INFO model is DecisionTreeClassifier
2021-05-07-00:31:20 INFO start train pipeline with params TrainingPipelineParams(input_data_path='data/raw/heart.csv', output_model_path='models/model.pkl', metric_path='models/metrics.json', pretrained_model_path='models/model.pkl', predictions_path='data/predicted/predictions.csv', splitting_params=SplittingParams(val_size=0.2, random_state=1234), train_params=TrainingParams(model_type='DecisionTreeClassifier', random_state=1234), feature_params=FeatureParams(categorical_features=['sex', 'cp', 'restecg', 'exang', 'slope', 'ca', 'thal'], numerical_features=['age', 'trestbps', 'chol', 'thalach', 'oldpeak'], features_to_drop=['fbs'], target_col='target', use_log_trick=False))
2021-05-07-00:31:20 INFO data.shape is (303, 14)
2021-05-07-00:31:20 INFO data.shape after dropping some columns is (303, 12)
2021-05-07-00:31:20 INFO train_df.shape is (242, 12)
2021-05-07-00:31:20 INFO val_df.shape is (61, 12)
2021-05-07-00:31:20 INFO train_features.shape is (242, 28)
2021-05-07-00:31:20 INFO val_features.shape is (61, 28)
2021-05-07-00:31:20 INFO metrics is {'accuracy': 0.7213114754098361, 'f1': 0.7384615384615384, 'roc_auc': 0.7207792207792209}
2021-05-07-17:29:14 INFO pretrained model DecisionTreeClassifier(criterion='entropy', max_depth=200, random_state=1234) extracted
2021-05-07-17:29:14 INFO start predict pipeline with params TrainingPipelineParams(input_data_path='data/raw/heart.csv', output_model_path='models/model.pkl', metric_path='models/metrics.json', pretrained_model_path='models/model.pkl', predictions_path='data/predicted/predictions.csv', splitting_params=SplittingParams(val_size=0.2, random_state=1234), train_params=TrainingParams(model_type='DecisionTreeClassifier', random_state=1234), feature_params=FeatureParams(categorical_features=['sex', 'cp', 'restecg', 'exang', 'slope', 'ca', 'thal'], numerical_features=['age', 'trestbps', 'chol', 'thalach', 'oldpeak'], features_to_drop=['fbs'], target_col='target', use_log_trick=False))
2021-05-07-17:29:14 INFO data.shape is (303, 14)
2021-05-07-17:29:14 INFO data.shape after dropping some columns is (303, 13)
2021-05-07-17:29:26 INFO pretrained model DecisionTreeClassifier(criterion='entropy', max_depth=200, random_state=1234) extracted
2021-05-07-17:29:26 INFO start predict pipeline with params TrainingPipelineParams(input_data_path='data/raw/heart.csv', output_model_path='models/model.pkl', metric_path='models/metrics.json', pretrained_model_path='models/model.pkl', predictions_path='data/predicted/predictions.csv', splitting_params=SplittingParams(val_size=0.2, random_state=1234), train_params=TrainingParams(model_type='DecisionTreeClassifier', random_state=1234), feature_params=FeatureParams(categorical_features=['sex', 'cp', 'restecg', 'exang', 'slope', 'ca', 'thal'], numerical_features=['age', 'trestbps', 'chol', 'thalach', 'oldpeak'], features_to_drop=['fbs'], target_col='target', use_log_trick=False))
2021-05-07-17:29:26 INFO data.shape is (303, 14)
2021-05-07-17:29:26 INFO data.shape after dropping some columns is (303, 13)
2021-05-07-17:29:26 INFO predictions are written to data/predicted/predictions.csv
2021-05-07-18:42:11 INFO pretrained model DecisionTreeClassifier(criterion='entropy', max_depth=200, random_state=1234) extracted
2021-05-07-18:42:11 INFO start predict pipeline with params {'input_data_path': 'data/raw/heart.csv', 'output_model_path': 'models/model.pkl', 'metric_path': 'models/metrics.json', 'pretrained_model_path': 'models/model.pkl', 'predictions_path': 'data/predicted/predictions.csv', 'splitting_params': {'val_size': 0.2, 'random_state': 1234}, 'train_params': {'model_type': 'DecisionTreeClassifier', 'random_state': 1234}, 'feature_params': {'categorical_features': ['sex', 'cp', 'restecg', 'exang', 'slope', 'ca', 'thal'], 'numerical_features': ['age', 'trestbps', 'chol', 'thalach', 'oldpeak'], 'features_to_drop': ['fbs'], 'target_col': 'target'}}
2021-05-07-18:42:11 INFO data.shape is (303, 14)
2021-05-07-18:42:11 INFO data.shape after dropping some columns is (303, 13)
2021-05-07-18:43:22 INFO pretrained model DecisionTreeClassifier(criterion='entropy', max_depth=200, random_state=1234) extracted
2021-05-07-18:43:22 INFO start predict pipeline with params {'input_data_path': 'data/raw/heart.csv', 'output_model_path': 'models/model.pkl', 'metric_path': 'models/metrics.json', 'pretrained_model_path': 'models/model.pkl', 'predictions_path': 'data/predicted/predictions.csv', 'splitting_params': {'val_size': 0.2, 'random_state': 1234}, 'train_params': {'model_type': 'DecisionTreeClassifier', 'random_state': 1234}, 'feature_params': {'categorical_features': ['sex', 'cp', 'restecg', 'exang', 'slope', 'ca', 'thal'], 'numerical_features': ['age', 'trestbps', 'chol', 'thalach', 'oldpeak'], 'features_to_drop': ['fbs'], 'target_col': 'target'}}
2021-05-07-18:43:22 INFO data.shape is (303, 14)
2021-05-07-18:43:22 INFO data.shape after dropping some columns is (303, 13)
2021-05-07-18:43:47 INFO pretrained model DecisionTreeClassifier(criterion='entropy', max_depth=200, random_state=1234) extracted
2021-05-07-18:43:47 INFO start predict pipeline with params {'input_data_path': 'data/raw/heart.csv', 'output_model_path': 'models/model.pkl', 'metric_path': 'models/metrics.json', 'pretrained_model_path': 'models/model.pkl', 'predictions_path': 'data/predicted/predictions.csv', 'splitting_params': {'val_size': 0.2, 'random_state': 1234}, 'train_params': {'model_type': 'DecisionTreeClassifier', 'random_state': 1234}, 'feature_params': {'categorical_features': ['sex', 'cp', 'restecg', 'exang', 'slope', 'ca', 'thal'], 'numerical_features': ['age', 'trestbps', 'chol', 'thalach', 'oldpeak'], 'features_to_drop': ['fbs'], 'target_col': 'target'}}
2021-05-07-18:43:47 INFO data.shape is (303, 14)
2021-05-07-18:43:47 INFO data.shape after dropping some columns is (303, 13)
2021-05-07-19:03:37 INFO pretrained model DecisionTreeClassifier(criterion='entropy', max_depth=200, random_state=1234) extracted
2021-05-07-19:03:37 INFO start predict pipeline with params {'input_data_path': 'data/raw/heart.csv', 'output_model_path': 'models/model.pkl', 'metric_path': 'models/metrics.json', 'pretrained_model_path': 'models/model.pkl', 'predictions_path': 'data/predicted/predictions.csv', 'splitting_params': {'val_size': 0.2, 'random_state': 1234}, 'train_params': {'model_type': 'DecisionTreeClassifier', 'random_state': 1234}, 'feature_params': {'categorical_features': ['sex', 'cp', 'restecg', 'exang', 'slope', 'ca', 'thal'], 'numerical_features': ['age', 'trestbps', 'chol', 'thalach', 'oldpeak'], 'features_to_drop': ['fbs'], 'target_col': 'target'}}
2021-05-07-19:03:37 INFO data.shape is (303, 14)
2021-05-07-19:03:37 INFO data.shape after dropping some columns is (303, 13)
2021-05-07-19:36:03 INFO pretrained model DecisionTreeClassifier(criterion='entropy', max_depth=200, random_state=1234) extracted
2021-05-07-19:36:03 INFO start predict pipeline with params {'input_data_path': 'data/raw/heart.csv', 'output_model_path': 'models/model.pkl', 'metric_path': 'models/metrics.json', 'pretrained_model_path': 'models/model.pkl', 'predictions_path': 'data/predicted/predictions.csv', 'splitting_params': {'val_size': 0.2, 'random_state': 1234}, 'train_params': {'model_type': 'DecisionTreeClassifier', 'random_state': 1234}, 'feature_params': {'categorical_features': ['sex', 'cp', 'restecg', 'exang', 'slope', 'ca', 'thal'], 'numerical_features': ['age', 'trestbps', 'chol', 'thalach', 'oldpeak'], 'features_to_drop': ['fbs'], 'target_col': 'target'}}
2021-05-07-19:36:03 INFO data.shape is (303, 14)
2021-05-07-19:36:03 INFO data.shape after dropping some columns is (303, 13)
2021-05-07-19:37:12 INFO pretrained model DecisionTreeClassifier(criterion='entropy', max_depth=200, random_state=1234) extracted
2021-05-07-19:37:12 INFO start predict pipeline with params {'input_data_path': 'data/raw/heart.csv', 'output_model_path': 'models/model.pkl', 'metric_path': 'models/metrics.json', 'pretrained_model_path': 'models/model.pkl', 'predictions_path': 'data/predicted/predictions.csv', 'splitting_params': {'val_size': 0.2, 'random_state': 1234}, 'train_params': {'model_type': 'DecisionTreeClassifier', 'random_state': 1234}, 'feature_params': {'categorical_features': ['sex', 'cp', 'restecg', 'exang', 'slope', 'ca', 'thal'], 'numerical_features': ['age', 'trestbps', 'chol', 'thalach', 'oldpeak'], 'features_to_drop': ['fbs'], 'target_col': 'target'}}
2021-05-07-19:37:12 INFO data.shape is (303, 14)
2021-05-07-19:37:12 INFO data.shape after dropping some columns is (303, 13)
2021-05-07-19:38:30 INFO pretrained model DecisionTreeClassifier(criterion='entropy', max_depth=200, random_state=1234) extracted
2021-05-07-19:38:30 INFO start predict pipeline with params {'input_data_path': 'data/raw/heart.csv', 'output_model_path': 'models/model.pkl', 'metric_path': 'models/metrics.json', 'pretrained_model_path': 'models/model.pkl', 'predictions_path': 'data/predicted/predictions.csv', 'splitting_params': {'val_size': 0.2, 'random_state': 1234}, 'train_params': {'model_type': 'DecisionTreeClassifier', 'random_state': 1234}, 'feature_params': {'categorical_features': ['sex', 'cp', 'restecg', 'exang', 'slope', 'ca', 'thal'], 'numerical_features': ['age', 'trestbps', 'chol', 'thalach', 'oldpeak'], 'features_to_drop': ['fbs'], 'target_col': 'target'}}
2021-05-07-19:38:30 INFO data.shape is (303, 14)
2021-05-07-19:38:30 INFO data.shape after dropping some columns is (303, 13)
2021-05-07-19:38:44 INFO pretrained model DecisionTreeClassifier(criterion='entropy', max_depth=200, random_state=1234) extracted
2021-05-07-19:38:44 INFO start predict pipeline with params {'input_data_path': 'data/raw/heart.csv', 'output_model_path': 'models/model.pkl', 'metric_path': 'models/metrics.json', 'pretrained_model_path': 'models/model.pkl', 'predictions_path': 'data/predicted/predictions.csv', 'splitting_params': {'val_size': 0.2, 'random_state': 1234}, 'train_params': {'model_type': 'DecisionTreeClassifier', 'random_state': 1234}, 'feature_params': {'categorical_features': ['sex', 'cp', 'restecg', 'exang', 'slope', 'ca', 'thal'], 'numerical_features': ['age', 'trestbps', 'chol', 'thalach', 'oldpeak'], 'features_to_drop': ['fbs'], 'target_col': 'target'}}
2021-05-07-19:38:44 INFO data.shape is (303, 14)
2021-05-07-19:38:44 INFO data.shape after dropping some columns is (303, 13)
2021-05-07-19:44:33 INFO pretrained model DecisionTreeClassifier(criterion='entropy', max_depth=200, random_state=1234) extracted
2021-05-07-19:44:33 INFO start predict pipeline with params {'input_data_path': 'data/raw/heart.csv', 'output_model_path': 'models/model.pkl', 'metric_path': 'models/metrics.json', 'pretrained_model_path': 'models/model.pkl', 'predictions_path': 'data/predicted/predictions.csv', 'splitting_params': {'val_size': 0.2, 'random_state': 1234}, 'train_params': {'model_type': 'DecisionTreeClassifier', 'random_state': 1234}, 'feature_params': {'use_log_trick': False, 'categorical_features': ['sex', 'cp', 'restecg', 'exang', 'slope', 'ca', 'thal'], 'numerical_features': ['age', 'trestbps', 'chol', 'thalach', 'oldpeak'], 'features_to_drop': ['fbs'], 'target_col': 'target'}}
2021-05-07-19:44:33 INFO data.shape is (303, 14)
2021-05-07-19:44:33 INFO data.shape after dropping some columns is (303, 13)
2021-05-07-19:44:33 INFO predictions are written to data/predicted/predictions.csv
2021-05-08-16:27:21 INFO model is DecisionTreeClassifier
2021-05-08-16:27:21 INFO start train pipeline with params TrainingPipelineParams(input_data_path='data/raw/heart.csv', output_model_path='models/model.pkl', metric_path='models/metrics.json', pretrained_model_path='models/model.pkl', predictions_path='data/predicted/predictions.csv', splitting_params=SplittingParams(val_size=0.2, random_state=1234), train_params=TrainingParams(model_type='DecisionTreeClassifier', random_state=1234), feature_params=FeatureParams(categorical_features=['sex', 'cp', 'restecg', 'exang', 'slope', 'ca', 'thal'], numerical_features=['age', 'trestbps', 'chol', 'thalach', 'oldpeak'], features_to_drop=['fbs'], target_col='target', use_log_trick=False))
2021-05-08-16:27:21 INFO data.shape is (303, 14)
2021-05-08-16:27:21 INFO data.shape after dropping some columns is (303, 13)
2021-05-08-16:27:21 INFO train_df.shape is (242, 13)
2021-05-08-16:27:21 INFO val_df.shape is (61, 13)
2021-05-08-16:27:21 INFO train_features.shape is (242, 28)
2021-05-08-16:27:21 INFO val_features.shape is (61, 28)
2021-05-08-16:27:21 INFO metrics is {'accuracy': 0.7213114754098361, 'f1': 0.7384615384615384, 'roc_auc': 0.7207792207792209}
2021-05-08-16:32:37 INFO model is DecisionTreeClassifier
2021-05-08-16:32:37 INFO start train pipeline with params TrainingPipelineParams(input_data_path='data/raw/heart.csv', output_model_path='models/model.pkl', metric_path='models/metrics.json', pretrained_model_path='models/model.pkl', predictions_path='data/predicted/predictions.csv', splitting_params=SplittingParams(val_size=0.2, random_state=1234), train_params=TrainingParams(model_type='DecisionTreeClassifier', random_state=1234), feature_params=FeatureParams(categorical_features=['sex', 'cp', 'restecg', 'exang', 'slope', 'ca', 'thal'], numerical_features=['age', 'trestbps', 'chol', 'thalach', 'oldpeak'], features_to_drop=['fbs'], target_col='target', use_log_trick=False))
2021-05-08-16:32:37 INFO data.shape is (303, 14)
2021-05-08-16:32:37 INFO data.shape after dropping some columns is (303, 13)
2021-05-08-16:32:37 INFO train_df.shape is (242, 13)
2021-05-08-16:32:37 INFO val_df.shape is (61, 13)
2021-05-08-16:32:37 INFO train_features.shape is (242, 28)
2021-05-08-16:32:37 INFO val_features.shape is (61, 28)
2021-05-08-16:32:37 INFO metrics is {'accuracy': 0.7213114754098361, 'f1': 0.7384615384615384, 'roc_auc': 0.7207792207792209}
2021-05-08-19:02:06 INFO model is DecisionTreeClassifier
2021-05-08-19:02:06 INFO start train pipeline with params TrainingPipelineParams(input_data_path='data/raw/heart.csv', output_model_path='models/model.pkl', metric_path='models/metrics.json', pretrained_model_path='models/model.pkl', predictions_path='data/predicted/predictions.csv', splitting_params=SplittingParams(val_size=0.2, random_state=1234), train_params=TrainingParams(model_type='DecisionTreeClassifier', random_state=1234), feature_params=FeatureParams(categorical_features=['sex', 'cp', 'restecg', 'exang', 'slope', 'ca', 'thal'], numerical_features=['age', 'trestbps', 'chol', 'thalach', 'oldpeak'], features_to_drop=['fbs'], target_col='target', use_log_trick=False))
2021-05-08-19:02:06 INFO data.shape is (303, 14)
2021-05-08-19:02:06 INFO data.shape after dropping some columns is (303, 13)
2021-05-08-19:02:06 INFO train_df.shape is (242, 13)
2021-05-08-19:02:06 INFO val_df.shape is (61, 13)
2021-05-08-19:02:06 INFO train_features.shape is (242, 28)
2021-05-08-19:02:06 INFO val_features.shape is (61, 28)
2021-05-08-19:02:06 INFO metrics is {'accuracy': 0.7213114754098361, 'f1': 0.7384615384615384, 'roc_auc': 0.7207792207792209}
