2021-05-14-16:53:37 INFO model is DecisionTreeClassifier
2021-05-14-16:53:37 INFO start train pipeline with params TrainingPipelineParams(input_data_path='data/raw/heart.csv', output_model_path='models/model.pkl', output_transformer_path='models/transformer.pkl', metric_path='models/metrics.json', pretrained_model_path='models/model.pkl', predictions_path='data/predicted/predictions.csv', splitting_params=SplittingParams(val_size=0.2, random_state=1234), train_params=TrainingParams(model_type='DecisionTreeClassifier', random_state=1234), feature_params=FeatureParams(categorical_features=['sex', 'cp', 'restecg', 'exang', 'slope', 'ca', 'thal'], numerical_features=['age', 'trestbps', 'chol', 'thalach', 'oldpeak'], features_to_drop=['fbs'], target_col='target', use_log_trick=False))
2021-05-14-16:53:37 INFO data.shape is (303, 14)
2021-05-14-16:53:37 INFO data.shape after dropping some columns is (303, 13)
2021-05-14-16:53:37 INFO train_df.shape is (242, 13)
2021-05-14-16:53:37 INFO val_df.shape is (61, 13)
2021-05-14-16:53:37 INFO train_features.shape is (242, 28)
2021-05-14-16:53:37 INFO val_features.shape is (61, 28)
2021-05-14-16:53:37 INFO metrics is {'accuracy': 0.7213114754098361, 'f1': 0.7384615384615384, 'roc_auc': 0.7207792207792209}
2021-05-14-16:56:02 INFO model is DecisionTreeClassifier
2021-05-14-16:56:02 INFO start train pipeline with params TrainingPipelineParams(input_data_path='data/raw/heart.csv', output_model_path='models/model.pkl', output_transformer_path='models/transformer.pkl', metric_path='models/metrics.json', pretrained_model_path='models/model.pkl', predictions_path='data/predicted/predictions.csv', splitting_params=SplittingParams(val_size=0.2, random_state=1234), train_params=TrainingParams(model_type='DecisionTreeClassifier', random_state=1234), feature_params=FeatureParams(categorical_features=['sex', 'cp', 'restecg', 'exang', 'slope', 'ca', 'thal'], numerical_features=['age', 'trestbps', 'chol', 'thalach', 'oldpeak'], features_to_drop=['fbs'], target_col='target', use_log_trick=False))
2021-05-14-16:56:02 INFO data.shape is (303, 14)
2021-05-14-16:56:02 INFO data.shape after dropping some columns is (303, 13)
2021-05-14-16:56:02 INFO train_df.shape is (242, 13)
2021-05-14-16:56:02 INFO val_df.shape is (61, 13)
2021-05-14-16:56:02 INFO train_features.shape is (242, 28)
2021-05-14-16:56:02 INFO val_features.shape is (61, 28)
2021-05-14-16:56:02 INFO metrics is {'accuracy': 0.7213114754098361, 'f1': 0.7384615384615384, 'roc_auc': 0.7207792207792209}
2021-05-15-22:42:16 INFO model is DecisionTreeClassifier
2021-05-15-22:42:16 INFO start train pipeline with params TrainingPipelineParams(input_data_path='data/raw/heart.csv', output_model_path='models/model.pkl', output_transformer_path='models/transformer.pkl', metric_path='models/metrics.json', pretrained_model_path='models/model.pkl', predictions_path='data/predicted/predictions.csv', splitting_params=SplittingParams(val_size=0.2, random_state=1234), train_params=TrainingParams(model_type='DecisionTreeClassifier', random_state=1234), feature_params=FeatureParams(categorical_features=['sex', 'cp', 'restecg', 'exang', 'slope', 'ca', 'thal'], numerical_features=['age', 'trestbps', 'chol', 'thalach', 'oldpeak'], features_to_drop=['fbs'], target_col='target', use_log_trick=False))
2021-05-15-22:42:16 INFO data.shape is (303, 14)
2021-05-15-22:42:16 INFO data.shape after dropping some columns is (303, 13)
2021-05-15-22:42:16 INFO train_df.shape is (242, 13)
2021-05-15-22:42:16 INFO val_df.shape is (61, 13)
2021-05-15-22:42:16 INFO train_features.shape is (242, 28)
2021-05-15-22:42:16 INFO val_features.shape is (61, 28)
2021-05-15-22:42:16 INFO metrics is {'accuracy': 0.7213114754098361, 'f1': 0.7384615384615384, 'roc_auc': 0.7207792207792209}
